<?xml version="1.0" encoding="UTF-8"?>
<!-- Generated by org.testng.reporters.JUnitXMLReporter -->
<testsuite ignored="10" hostname="sabari" failures="0" tests="10" name="Test" time="0.853" errors="0" timestamp="2022-10-30T09:30:58 IST">
  <testcase classname="com.financeDomain.adfdatafinance.GenericLibraries.BaseClass" name="@BeforeSuite configBS" time="0.488">
    <failure type="java.sql.SQLSyntaxErrorException" message="Unknown database &amp;apos;testing&amp;apos;">
      <![CDATA[java.sql.SQLSyntaxErrorException: Unknown database 'testing'
at com.mysql.cj.jdbc.exceptions.SQLError.createSQLException(SQLError.java:120)
at com.mysql.cj.jdbc.exceptions.SQLExceptionsMapping.translateException(SQLExceptionsMapping.java:122)
at com.mysql.cj.jdbc.ConnectionImpl.createNewIO(ConnectionImpl.java:829)
at com.mysql.cj.jdbc.ConnectionImpl.<init>(ConnectionImpl.java:449)
at com.mysql.cj.jdbc.ConnectionImpl.getInstance(ConnectionImpl.java:242)
at com.mysql.cj.jdbc.NonRegisteringDriver.connect(NonRegisteringDriver.java:198)
at java.sql/java.sql.DriverManager.getConnection(DriverManager.java:683)
at java.sql/java.sql.DriverManager.getConnection(DriverManager.java:230)
at com.financeDomain.adfdatafinance.GenericLibraries.FileUtilities.getDataDb(FileUtilities.java:79)
at com.financeDomain.adfdatafinance.GenericLibraries.BaseClass.configBS(BaseClass.java:35)
... Removed 17 stack frames]]>
    </failure>
  </testcase> <!-- @BeforeSuite configBS -->
  <testcase classname="com.financeDomain.adfdatafinance.GenericLibraries.BaseClass" name="@BeforeMethod openApp" time="-1.667102458435E9">
    <skipped/>
  </testcase> <!-- @BeforeMethod openApp -->
  <testcase classname="com.financeDomain.adfdatafinance.GenericLibraries.BaseClass" name="@AfterMethod closeApp" time="-1.667102458443E9">
    <skipped/>
  </testcase> <!-- @AfterMethod closeApp -->
  <testcase classname="com.financeDomain.adfdatafinance.GenericLibraries.BaseClass" name="@BeforeMethod openApp" time="-1.667102458446E9">
    <skipped/>
  </testcase> <!-- @BeforeMethod openApp -->
  <testcase classname="com.financeDomain.adfdatafinance.GenericLibraries.BaseClass" name="@AfterMethod closeApp" time="-1.66710245846E9">
    <skipped/>
  </testcase> <!-- @AfterMethod closeApp -->
  <testcase classname="com.financeDomain.adfdatafinance.GenericLibraries.BaseClass" name="@BeforeMethod openApp" time="-1.667102458461E9">
    <skipped/>
  </testcase> <!-- @BeforeMethod openApp -->
  <testcase classname="com.financeDomain.adfdatafinance.GenericLibraries.BaseClass" name="@AfterMethod closeApp" time="-1.667102458464E9">
    <skipped/>
  </testcase> <!-- @AfterMethod closeApp -->
  <testcase classname="com.financeDomain.adfdatafinance.GenericLibraries.BaseClass" name="@BeforeMethod openApp" time="-1.667102458466E9">
    <skipped/>
  </testcase> <!-- @BeforeMethod openApp -->
  <testcase classname="com.financeDomain.adfdatafinance.GenericLibraries.BaseClass" name="@AfterMethod closeApp" time="-1.667102458474E9">
    <skipped/>
  </testcase> <!-- @AfterMethod closeApp -->
  <testcase classname="com.financeDomain.adfdatafinance.GenericLibraries.BaseClass" name="@BeforeMethod openApp" time="-1.667102458476E9">
    <skipped/>
  </testcase> <!-- @BeforeMethod openApp -->
  <testcase classname="com.financeDomain.adfdatafinance.GenericLibraries.BaseClass" name="@AfterMethod closeApp" time="-1.667102458479E9">
    <skipped/>
  </testcase> <!-- @AfterMethod closeApp -->
  <testcase classname="com.financeDomain.adfdatafinance.GenericLibraries.BaseClass" name="@BeforeMethod openApp" time="-1.667102458486E9">
    <skipped/>
  </testcase> <!-- @BeforeMethod openApp -->
  <testcase classname="com.financeDomain.adfdatafinance.GenericLibraries.BaseClass" name="@AfterMethod closeApp" time="-1.66710245849E9">
    <skipped/>
  </testcase> <!-- @AfterMethod closeApp -->
  <testcase classname="com.financeDomain.adfdatafinance.GenericLibraries.BaseClass" name="@BeforeMethod openApp" time="-1.667102458492E9">
    <skipped/>
  </testcase> <!-- @BeforeMethod openApp -->
  <testcase classname="com.financeDomain.adfdatafinance.GenericLibraries.BaseClass" name="@AfterMethod closeApp" time="-1.667102458495E9">
    <skipped/>
  </testcase> <!-- @AfterMethod closeApp -->
  <testcase classname="com.financeDomain.adfdatafinance.GenericLibraries.BaseClass" name="@BeforeMethod openApp" time="-1.667102458496E9">
    <skipped/>
  </testcase> <!-- @BeforeMethod openApp -->
  <testcase classname="com.financeDomain.adfdatafinance.GenericLibraries.BaseClass" name="@AfterMethod closeApp" time="-1.667102458501E9">
    <skipped/>
  </testcase> <!-- @AfterMethod closeApp -->
  <testcase classname="com.financeDomain.adfdatafinance.GenericLibraries.BaseClass" name="@BeforeMethod openApp" time="-1.667102458503E9">
    <skipped/>
  </testcase> <!-- @BeforeMethod openApp -->
  <testcase classname="com.financeDomain.adfdatafinance.GenericLibraries.BaseClass" name="@AfterMethod closeApp" time="-1.667102458508E9">
    <skipped/>
  </testcase> <!-- @AfterMethod closeApp -->
  <testcase classname="com.financeDomain.adfdatafinance.GenericLibraries.BaseClass" name="@BeforeMethod openApp" time="-1.66710245851E9">
    <skipped/>
  </testcase> <!-- @BeforeMethod openApp -->
  <testcase classname="com.financeDomain.adfdatafinance.GenericLibraries.BaseClass" name="@AfterMethod closeApp" time="-1.667102458518E9">
    <skipped/>
  </testcase> <!-- @AfterMethod closeApp -->
  <testcase classname="com.financeDomain.adfdatafinance.Scripts.TestCase2" name="testcase2" time="0.0">
    <skipped/>
  </testcase> <!-- testcase2 -->
  <testcase classname="com.financeDomain.adfdatafinance.Scripts.TestCase2" name="testcase2" time="0.0">
    <skipped/>
  </testcase> <!-- testcase2 -->
  <testcase classname="com.financeDomain.adfdatafinance.Scripts.TestCase2" name="testcase2" time="0.0">
    <skipped/>
  </testcase> <!-- testcase2 -->
  <testcase classname="com.financeDomain.adfdatafinance.Scripts.TestCase2" name="testcase2" time="0.0">
    <skipped/>
  </testcase> <!-- testcase2 -->
  <testcase classname="com.financeDomain.adfdatafinance.Scripts.TestCase2" name="testcase2" time="0.0">
    <skipped/>
  </testcase> <!-- testcase2 -->
  <testcase classname="com.financeDomain.adfdatafinance.Scripts.TestCase3" name="testcase3" time="0.0">
    <skipped/>
  </testcase> <!-- testcase3 -->
  <testcase classname="com.financeDomain.adfdatafinance.Scripts.TestCase4" name="testcase4" time="0.0">
    <skipped/>
  </testcase> <!-- testcase4 -->
  <testcase classname="com.financeDomain.adfdatafinance.Scripts.TestCase5" name="testcase5" time="0.0">
    <skipped/>
  </testcase> <!-- testcase5 -->
  <testcase classname="com.financeDomain.adfdatafinance.Scripts.TestCase6" name="testcase6" time="0.0">
    <skipped/>
  </testcase> <!-- testcase6 -->
  <testcase classname="com.financeDomain.adfdatafinance.Scripts.TestCase1" name="testcase1" time="0.0">
    <skipped/>
  </testcase> <!-- testcase1 -->
  <testcase classname="com.financeDomain.adfdatafinance.GenericLibraries.BaseClass" name="@AfterSuite configAS" time="0.0">
    <ignored/>
  </testcase> <!-- @AfterSuite configAS -->
  <testcase classname="com.financeDomain.adfdatafinance.GenericLibraries.BaseClass" name="@AfterSuite configAS" time="0.0">
    <ignored/>
  </testcase> <!-- @AfterSuite configAS -->
  <testcase classname="com.financeDomain.adfdatafinance.GenericLibraries.BaseClass" name="@AfterSuite configAS" time="0.0">
    <ignored/>
  </testcase> <!-- @AfterSuite configAS -->
  <testcase classname="com.financeDomain.adfdatafinance.GenericLibraries.BaseClass" name="@AfterSuite configAS" time="0.0">
    <ignored/>
  </testcase> <!-- @AfterSuite configAS -->
  <testcase classname="com.financeDomain.adfdatafinance.GenericLibraries.BaseClass" name="@AfterSuite configAS" time="0.0">
    <ignored/>
  </testcase> <!-- @AfterSuite configAS -->
  <testcase classname="com.financeDomain.adfdatafinance.GenericLibraries.BaseClass" name="@BeforeSuite configBS" time="0.0">
    <ignored/>
  </testcase> <!-- @BeforeSuite configBS -->
  <testcase classname="com.financeDomain.adfdatafinance.GenericLibraries.BaseClass" name="@BeforeSuite configBS" time="0.0">
    <ignored/>
  </testcase> <!-- @BeforeSuite configBS -->
  <testcase classname="com.financeDomain.adfdatafinance.GenericLibraries.BaseClass" name="@BeforeSuite configBS" time="0.0">
    <ignored/>
  </testcase> <!-- @BeforeSuite configBS -->
  <testcase classname="com.financeDomain.adfdatafinance.GenericLibraries.BaseClass" name="@BeforeSuite configBS" time="0.0">
    <ignored/>
  </testcase> <!-- @BeforeSuite configBS -->
  <testcase classname="com.financeDomain.adfdatafinance.GenericLibraries.BaseClass" name="@BeforeSuite configBS" time="0.0">
    <ignored/>
  </testcase> <!-- @BeforeSuite configBS -->
</testsuite> <!-- Test -->
